C:\DOCUMENTS AND SETTINGS\ADMINISTRATOR\桌面\100033202(2014.1.20)\DEBUG\MINI_CNC.EXE
C:\DOCUMENTS AND SETTINGS\ADMINISTRATOR\桌面\100033202(2014.1.20)\DEBUG\MINI_CNC.ILK
C:\DOCUMENTS AND SETTINGS\ADMINISTRATOR\桌面\100033202(2014.1.20)\DEBUG\MINI_CNC.PDB
C:\DOCUMENTS AND SETTINGS\ADMINISTRATOR\桌面\100033202(2014.1.20)\MINI_CNC\DEBUG\APP.RES
C:\DOCUMENTS AND SETTINGS\ADMINISTRATOR\桌面\100033202(2014.1.20)\MINI_CNC\DEBUG\ASSEMBLYINFO.OBJ
C:\DOCUMENTS AND SETTINGS\ADMINISTRATOR\桌面\100033202(2014.1.20)\MINI_CNC\DEBUG\CNCMAIN.OBJ
C:\DOCUMENTS AND SETTINGS\ADMINISTRATOR\桌面\100033202(2014.1.20)\MINI_CNC\DEBUG\DECCTL.OBJ
C:\DOCUMENTS AND SETTINGS\ADMINISTRATOR\桌面\100033202(2014.1.20)\MINI_CNC\DEBUG\DECMAIN.OBJ
C:\DOCUMENTS AND SETTINGS\ADMINISTRATOR\桌面\100033202(2014.1.20)\MINI_CNC\DEBUG\INTPCTL.OBJ
C:\DOCUMENTS AND SETTINGS\ADMINISTRATOR\桌面\100033202(2014.1.20)\MINI_CNC\DEBUG\INTPMAIN.OBJ
C:\DOCUMENTS AND SETTINGS\ADMINISTRATOR\桌面\100033202(2014.1.20)\MINI_CNC\DEBUG\LINKCTL.OBJ
C:\DOCUMENTS AND SETTINGS\ADMINISTRATOR\桌面\100033202(2014.1.20)\MINI_CNC\DEBUG\MINI_CNC.EXE.INTERMEDIATE.MANIFEST
C:\DOCUMENTS AND SETTINGS\ADMINISTRATOR\桌面\100033202(2014.1.20)\MINI_CNC\DEBUG\MINI_CNC.FORM1.RESOURCES
C:\DOCUMENTS AND SETTINGS\ADMINISTRATOR\桌面\100033202(2014.1.20)\MINI_CNC\DEBUG\MINI_CNC.OBJ
C:\DOCUMENTS AND SETTINGS\ADMINISTRATOR\桌面\100033202(2014.1.20)\MINI_CNC\DEBUG\MINI_CNC.PCH
C:\DOCUMENTS AND SETTINGS\ADMINISTRATOR\桌面\100033202(2014.1.20)\MINI_CNC\DEBUG\MMICTL.OBJ
C:\DOCUMENTS AND SETTINGS\ADMINISTRATOR\桌面\100033202(2014.1.20)\MINI_CNC\DEBUG\MMIMAIN.OBJ
C:\DOCUMENTS AND SETTINGS\ADMINISTRATOR\桌面\100033202(2014.1.20)\MINI_CNC\DEBUG\SLOPE.OBJ
C:\DOCUMENTS AND SETTINGS\ADMINISTRATOR\桌面\100033202(2014.1.20)\MINI_CNC\DEBUG\STDAFX.OBJ
C:\DOCUMENTS AND SETTINGS\ADMINISTRATOR\桌面\100033202(2014.1.20)\MINI_CNC\DEBUG\SYSCTL.OBJ
C:\DOCUMENTS AND SETTINGS\ADMINISTRATOR\桌面\100033202(2014.1.20)\MINI_CNC\DEBUG\SYSMAIN.OBJ
C:\DOCUMENTS AND SETTINGS\ADMINISTRATOR\桌面\100033202(2014.1.20)\MINI_CNC\DEBUG\VC100.PDB
C:\DOCUMENTS AND SETTINGS\ADMINISTRATOR\桌面\100033202(LATEST VERSION)\DEBUG\MINI_CNC.EXE
C:\DOCUMENTS AND SETTINGS\ADMINISTRATOR\桌面\100033202(LATEST VERSION)\DEBUG\MINI_CNC.ILK
C:\DOCUMENTS AND SETTINGS\ADMINISTRATOR\桌面\100033202(LATEST VERSION)\DEBUG\MINI_CNC.PDB
C:\DOCUMENTS AND SETTINGS\ADMINISTRATOR\桌面\100033202(LATEST VERSION)\MINI_CNC\DEBUG\.NETFRAMEWORK,VERSION=V4.0.ASSEMBLYATTRIBUTES.OBJ
C:\DOCUMENTS AND SETTINGS\ADMINISTRATOR\桌面\100033202(LATEST VERSION)\MINI_CNC\DEBUG\APP.RES
C:\DOCUMENTS AND SETTINGS\ADMINISTRATOR\桌面\100033202(LATEST VERSION)\MINI_CNC\DEBUG\ASSEMBLYINFO.OBJ
C:\DOCUMENTS AND SETTINGS\ADMINISTRATOR\桌面\100033202(LATEST VERSION)\MINI_CNC\DEBUG\CNCMAIN.OBJ
C:\DOCUMENTS AND SETTINGS\ADMINISTRATOR\桌面\100033202(LATEST VERSION)\MINI_CNC\DEBUG\DECCTL.OBJ
C:\DOCUMENTS AND SETTINGS\ADMINISTRATOR\桌面\100033202(LATEST VERSION)\MINI_CNC\DEBUG\DECMAIN.OBJ
C:\DOCUMENTS AND SETTINGS\ADMINISTRATOR\桌面\100033202(LATEST VERSION)\MINI_CNC\DEBUG\INTPCTL.OBJ
C:\DOCUMENTS AND SETTINGS\ADMINISTRATOR\桌面\100033202(LATEST VERSION)\MINI_CNC\DEBUG\INTPMAIN.OBJ
C:\DOCUMENTS AND SETTINGS\ADMINISTRATOR\桌面\100033202(LATEST VERSION)\MINI_CNC\DEBUG\LINKCTL.OBJ
C:\DOCUMENTS AND SETTINGS\ADMINISTRATOR\桌面\100033202(LATEST VERSION)\MINI_CNC\DEBUG\MINI_CNC.EXE.INTERMEDIATE.MANIFEST
C:\DOCUMENTS AND SETTINGS\ADMINISTRATOR\桌面\100033202(LATEST VERSION)\MINI_CNC\DEBUG\MINI_CNC.FORM1.RESOURCES
C:\DOCUMENTS AND SETTINGS\ADMINISTRATOR\桌面\100033202(LATEST VERSION)\MINI_CNC\DEBUG\MINI_CNC.OBJ
C:\DOCUMENTS AND SETTINGS\ADMINISTRATOR\桌面\100033202(LATEST VERSION)\MINI_CNC\DEBUG\MINI_CNC.PCH
C:\DOCUMENTS AND SETTINGS\ADMINISTRATOR\桌面\100033202(LATEST VERSION)\MINI_CNC\DEBUG\MMICTL.OBJ
C:\DOCUMENTS AND SETTINGS\ADMINISTRATOR\桌面\100033202(LATEST VERSION)\MINI_CNC\DEBUG\MMIMAIN.OBJ
C:\DOCUMENTS AND SETTINGS\ADMINISTRATOR\桌面\100033202(LATEST VERSION)\MINI_CNC\DEBUG\SLOPE.OBJ
C:\DOCUMENTS AND SETTINGS\ADMINISTRATOR\桌面\100033202(LATEST VERSION)\MINI_CNC\DEBUG\STDAFX.OBJ
C:\DOCUMENTS AND SETTINGS\ADMINISTRATOR\桌面\100033202(LATEST VERSION)\MINI_CNC\DEBUG\SYSCTL.OBJ
C:\DOCUMENTS AND SETTINGS\ADMINISTRATOR\桌面\100033202(LATEST VERSION)\MINI_CNC\DEBUG\SYSMAIN.OBJ
C:\DOCUMENTS AND SETTINGS\ADMINISTRATOR\桌面\100033202(LATEST VERSION)\MINI_CNC\DEBUG\VC100.PDB
C:\USERS\哲宇\DESKTOP\100033202(2014.1.20)\DEBUG\MINI_CNC.EXE
C:\USERS\哲宇\DESKTOP\100033202(2014.1.20)\DEBUG\MINI_CNC.ILK
C:\USERS\哲宇\DESKTOP\100033202(2014.1.20)\DEBUG\MINI_CNC.PDB
C:\Users\哲宇\Desktop\100033202(2014.1.20)\Mini_CNC\Debug\.NETFramework,Version=v4.0.AssemblyAttributes.obj
C:\USERS\哲宇\DESKTOP\100033202(2014.1.20)\MINI_CNC\DEBUG\APP.RES
C:\USERS\哲宇\DESKTOP\100033202(2014.1.20)\MINI_CNC\DEBUG\ASSEMBLYINFO.OBJ
C:\Users\哲宇\Desktop\100033202(2014.1.20)\Mini_CNC\Debug\cl.command.1.tlog
C:\Users\哲宇\Desktop\100033202(2014.1.20)\Mini_CNC\Debug\CL.read.1.tlog
C:\Users\哲宇\Desktop\100033202(2014.1.20)\Mini_CNC\Debug\CL.write.1.tlog
C:\USERS\哲宇\DESKTOP\100033202(2014.1.20)\MINI_CNC\DEBUG\CNCMAIN.OBJ
C:\USERS\哲宇\DESKTOP\100033202(2014.1.20)\MINI_CNC\DEBUG\DECCTL.OBJ
C:\USERS\哲宇\DESKTOP\100033202(2014.1.20)\MINI_CNC\DEBUG\DECMAIN.OBJ
C:\Users\哲宇\Desktop\100033202(2014.1.20)\Mini_CNC\Debug\GenerateResource.read.1.tlog
C:\Users\哲宇\Desktop\100033202(2014.1.20)\Mini_CNC\Debug\GenerateResource.read.88.tlog
C:\Users\哲宇\Desktop\100033202(2014.1.20)\Mini_CNC\Debug\GenerateResource.write.1.tlog
C:\Users\哲宇\Desktop\100033202(2014.1.20)\Mini_CNC\Debug\GenerateResource.write.88.tlog
C:\USERS\哲宇\DESKTOP\100033202(2014.1.20)\MINI_CNC\DEBUG\INTPCTL.OBJ
C:\USERS\哲宇\DESKTOP\100033202(2014.1.20)\MINI_CNC\DEBUG\INTPMAIN.OBJ
C:\Users\哲宇\Desktop\100033202(2014.1.20)\Mini_CNC\Debug\link.1076.read.1.tlog
C:\Users\哲宇\Desktop\100033202(2014.1.20)\Mini_CNC\Debug\link.1076.write.1.tlog
C:\Users\哲宇\Desktop\100033202(2014.1.20)\Mini_CNC\Debug\link.1076-cvtres.read.1.tlog
C:\Users\哲宇\Desktop\100033202(2014.1.20)\Mini_CNC\Debug\link.1076-cvtres.write.1.tlog
C:\Users\哲宇\Desktop\100033202(2014.1.20)\Mini_CNC\Debug\link.1148.read.1.tlog
C:\Users\哲宇\Desktop\100033202(2014.1.20)\Mini_CNC\Debug\link.1148.write.1.tlog
C:\Users\哲宇\Desktop\100033202(2014.1.20)\Mini_CNC\Debug\link.1148-cvtres.read.1.tlog
C:\Users\哲宇\Desktop\100033202(2014.1.20)\Mini_CNC\Debug\link.1148-cvtres.write.1.tlog
C:\Users\哲宇\Desktop\100033202(2014.1.20)\Mini_CNC\Debug\link.1328.read.1.tlog
C:\Users\哲宇\Desktop\100033202(2014.1.20)\Mini_CNC\Debug\link.1328.write.1.tlog
C:\Users\哲宇\Desktop\100033202(2014.1.20)\Mini_CNC\Debug\link.1328-cvtres.read.1.tlog
C:\Users\哲宇\Desktop\100033202(2014.1.20)\Mini_CNC\Debug\link.1328-cvtres.write.1.tlog
C:\Users\哲宇\Desktop\100033202(2014.1.20)\Mini_CNC\Debug\link.1872.read.1.tlog
C:\Users\哲宇\Desktop\100033202(2014.1.20)\Mini_CNC\Debug\link.1872.write.1.tlog
C:\Users\哲宇\Desktop\100033202(2014.1.20)\Mini_CNC\Debug\link.1872-cvtres.read.1.tlog
C:\Users\哲宇\Desktop\100033202(2014.1.20)\Mini_CNC\Debug\link.1872-cvtres.write.1.tlog
C:\Users\哲宇\Desktop\100033202(2014.1.20)\Mini_CNC\Debug\link.2456.read.1.tlog
C:\Users\哲宇\Desktop\100033202(2014.1.20)\Mini_CNC\Debug\link.2456.write.1.tlog
C:\Users\哲宇\Desktop\100033202(2014.1.20)\Mini_CNC\Debug\link.2456-cvtres.read.1.tlog
C:\Users\哲宇\Desktop\100033202(2014.1.20)\Mini_CNC\Debug\link.2456-cvtres.write.1.tlog
C:\Users\哲宇\Desktop\100033202(2014.1.20)\Mini_CNC\Debug\link.2920.read.1.tlog
C:\Users\哲宇\Desktop\100033202(2014.1.20)\Mini_CNC\Debug\link.2920.write.1.tlog
C:\Users\哲宇\Desktop\100033202(2014.1.20)\Mini_CNC\Debug\link.2920-cvtres.read.1.tlog
C:\Users\哲宇\Desktop\100033202(2014.1.20)\Mini_CNC\Debug\link.2920-cvtres.write.1.tlog
C:\Users\哲宇\Desktop\100033202(2014.1.20)\Mini_CNC\Debug\link.3076.read.1.tlog
C:\Users\哲宇\Desktop\100033202(2014.1.20)\Mini_CNC\Debug\link.3076.write.1.tlog
C:\Users\哲宇\Desktop\100033202(2014.1.20)\Mini_CNC\Debug\link.3076-cvtres.read.1.tlog
C:\Users\哲宇\Desktop\100033202(2014.1.20)\Mini_CNC\Debug\link.3076-cvtres.write.1.tlog
C:\Users\哲宇\Desktop\100033202(2014.1.20)\Mini_CNC\Debug\link.3216.read.1.tlog
C:\Users\哲宇\Desktop\100033202(2014.1.20)\Mini_CNC\Debug\link.3216.write.1.tlog
C:\Users\哲宇\Desktop\100033202(2014.1.20)\Mini_CNC\Debug\link.3216-cvtres.read.1.tlog
C:\Users\哲宇\Desktop\100033202(2014.1.20)\Mini_CNC\Debug\link.3216-cvtres.write.1.tlog
C:\Users\哲宇\Desktop\100033202(2014.1.20)\Mini_CNC\Debug\link.3304.read.1.tlog
C:\Users\哲宇\Desktop\100033202(2014.1.20)\Mini_CNC\Debug\link.3304.write.1.tlog
C:\Users\哲宇\Desktop\100033202(2014.1.20)\Mini_CNC\Debug\link.3304-cvtres.read.1.tlog
C:\Users\哲宇\Desktop\100033202(2014.1.20)\Mini_CNC\Debug\link.3304-cvtres.write.1.tlog
C:\Users\哲宇\Desktop\100033202(2014.1.20)\Mini_CNC\Debug\link.3892.read.1.tlog
C:\Users\哲宇\Desktop\100033202(2014.1.20)\Mini_CNC\Debug\link.3892.write.1.tlog
C:\Users\哲宇\Desktop\100033202(2014.1.20)\Mini_CNC\Debug\link.3892-cvtres.read.1.tlog
C:\Users\哲宇\Desktop\100033202(2014.1.20)\Mini_CNC\Debug\link.3892-cvtres.write.1.tlog
C:\Users\哲宇\Desktop\100033202(2014.1.20)\Mini_CNC\Debug\link.3928.read.1.tlog
C:\Users\哲宇\Desktop\100033202(2014.1.20)\Mini_CNC\Debug\link.3928.write.1.tlog
C:\Users\哲宇\Desktop\100033202(2014.1.20)\Mini_CNC\Debug\link.3928-cvtres.read.1.tlog
C:\Users\哲宇\Desktop\100033202(2014.1.20)\Mini_CNC\Debug\link.3928-cvtres.write.1.tlog
C:\Users\哲宇\Desktop\100033202(2014.1.20)\Mini_CNC\Debug\link.3948.read.1.tlog
C:\Users\哲宇\Desktop\100033202(2014.1.20)\Mini_CNC\Debug\link.3948.write.1.tlog
C:\Users\哲宇\Desktop\100033202(2014.1.20)\Mini_CNC\Debug\link.3948-cvtres.read.1.tlog
C:\Users\哲宇\Desktop\100033202(2014.1.20)\Mini_CNC\Debug\link.3948-cvtres.write.1.tlog
C:\Users\哲宇\Desktop\100033202(2014.1.20)\Mini_CNC\Debug\link.4160.read.1.tlog
C:\Users\哲宇\Desktop\100033202(2014.1.20)\Mini_CNC\Debug\link.4160.write.1.tlog
C:\Users\哲宇\Desktop\100033202(2014.1.20)\Mini_CNC\Debug\link.4160-cvtres.read.1.tlog
C:\Users\哲宇\Desktop\100033202(2014.1.20)\Mini_CNC\Debug\link.4160-cvtres.write.1.tlog
C:\Users\哲宇\Desktop\100033202(2014.1.20)\Mini_CNC\Debug\link.4236.read.1.tlog
C:\Users\哲宇\Desktop\100033202(2014.1.20)\Mini_CNC\Debug\link.4236.write.1.tlog
C:\Users\哲宇\Desktop\100033202(2014.1.20)\Mini_CNC\Debug\link.4236-cvtres.read.1.tlog
C:\Users\哲宇\Desktop\100033202(2014.1.20)\Mini_CNC\Debug\link.4236-cvtres.write.1.tlog
C:\Users\哲宇\Desktop\100033202(2014.1.20)\Mini_CNC\Debug\link.4272.read.1.tlog
C:\Users\哲宇\Desktop\100033202(2014.1.20)\Mini_CNC\Debug\link.4272.write.1.tlog
C:\Users\哲宇\Desktop\100033202(2014.1.20)\Mini_CNC\Debug\link.4272-cvtres.read.1.tlog
C:\Users\哲宇\Desktop\100033202(2014.1.20)\Mini_CNC\Debug\link.4272-cvtres.write.1.tlog
C:\Users\哲宇\Desktop\100033202(2014.1.20)\Mini_CNC\Debug\link.4388.read.1.tlog
C:\Users\哲宇\Desktop\100033202(2014.1.20)\Mini_CNC\Debug\link.4388.write.1.tlog
C:\Users\哲宇\Desktop\100033202(2014.1.20)\Mini_CNC\Debug\link.4388-cvtres.read.1.tlog
C:\Users\哲宇\Desktop\100033202(2014.1.20)\Mini_CNC\Debug\link.4388-cvtres.write.1.tlog
C:\Users\哲宇\Desktop\100033202(2014.1.20)\Mini_CNC\Debug\link.4980.read.1.tlog
C:\Users\哲宇\Desktop\100033202(2014.1.20)\Mini_CNC\Debug\link.4980.write.1.tlog
C:\Users\哲宇\Desktop\100033202(2014.1.20)\Mini_CNC\Debug\link.4980-cvtres.read.1.tlog
C:\Users\哲宇\Desktop\100033202(2014.1.20)\Mini_CNC\Debug\link.4980-cvtres.write.1.tlog
C:\Users\哲宇\Desktop\100033202(2014.1.20)\Mini_CNC\Debug\link.5020.read.1.tlog
C:\Users\哲宇\Desktop\100033202(2014.1.20)\Mini_CNC\Debug\link.5020.write.1.tlog
C:\Users\哲宇\Desktop\100033202(2014.1.20)\Mini_CNC\Debug\link.5020-cvtres.read.1.tlog
C:\Users\哲宇\Desktop\100033202(2014.1.20)\Mini_CNC\Debug\link.5020-cvtres.write.1.tlog
C:\Users\哲宇\Desktop\100033202(2014.1.20)\Mini_CNC\Debug\link.5236.read.1.tlog
C:\Users\哲宇\Desktop\100033202(2014.1.20)\Mini_CNC\Debug\link.5236.write.1.tlog
C:\Users\哲宇\Desktop\100033202(2014.1.20)\Mini_CNC\Debug\link.5236-cvtres.read.1.tlog
C:\Users\哲宇\Desktop\100033202(2014.1.20)\Mini_CNC\Debug\link.5236-cvtres.write.1.tlog
C:\Users\哲宇\Desktop\100033202(2014.1.20)\Mini_CNC\Debug\link.5292.read.1.tlog
C:\Users\哲宇\Desktop\100033202(2014.1.20)\Mini_CNC\Debug\link.5292.write.1.tlog
C:\Users\哲宇\Desktop\100033202(2014.1.20)\Mini_CNC\Debug\link.5292-cvtres.read.1.tlog
C:\Users\哲宇\Desktop\100033202(2014.1.20)\Mini_CNC\Debug\link.5292-cvtres.write.1.tlog
C:\Users\哲宇\Desktop\100033202(2014.1.20)\Mini_CNC\Debug\link.5528.read.1.tlog
C:\Users\哲宇\Desktop\100033202(2014.1.20)\Mini_CNC\Debug\link.5528.write.1.tlog
C:\Users\哲宇\Desktop\100033202(2014.1.20)\Mini_CNC\Debug\link.5528-cvtres.read.1.tlog
C:\Users\哲宇\Desktop\100033202(2014.1.20)\Mini_CNC\Debug\link.5528-cvtres.write.1.tlog
C:\Users\哲宇\Desktop\100033202(2014.1.20)\Mini_CNC\Debug\link.5644.read.1.tlog
C:\Users\哲宇\Desktop\100033202(2014.1.20)\Mini_CNC\Debug\link.5644.write.1.tlog
C:\Users\哲宇\Desktop\100033202(2014.1.20)\Mini_CNC\Debug\link.5644-cvtres.read.1.tlog
C:\Users\哲宇\Desktop\100033202(2014.1.20)\Mini_CNC\Debug\link.5644-cvtres.write.1.tlog
C:\Users\哲宇\Desktop\100033202(2014.1.20)\Mini_CNC\Debug\link.5692.read.1.tlog
C:\Users\哲宇\Desktop\100033202(2014.1.20)\Mini_CNC\Debug\link.5692.write.1.tlog
C:\Users\哲宇\Desktop\100033202(2014.1.20)\Mini_CNC\Debug\link.5692-cvtres.read.1.tlog
C:\Users\哲宇\Desktop\100033202(2014.1.20)\Mini_CNC\Debug\link.5692-cvtres.write.1.tlog
C:\Users\哲宇\Desktop\100033202(2014.1.20)\Mini_CNC\Debug\link.5732.read.1.tlog
C:\Users\哲宇\Desktop\100033202(2014.1.20)\Mini_CNC\Debug\link.5732.write.1.tlog
C:\Users\哲宇\Desktop\100033202(2014.1.20)\Mini_CNC\Debug\link.5732-cvtres.read.1.tlog
C:\Users\哲宇\Desktop\100033202(2014.1.20)\Mini_CNC\Debug\link.5732-cvtres.write.1.tlog
C:\Users\哲宇\Desktop\100033202(2014.1.20)\Mini_CNC\Debug\link.5748.read.1.tlog
C:\Users\哲宇\Desktop\100033202(2014.1.20)\Mini_CNC\Debug\link.5748.write.1.tlog
C:\Users\哲宇\Desktop\100033202(2014.1.20)\Mini_CNC\Debug\link.5748-cvtres.read.1.tlog
C:\Users\哲宇\Desktop\100033202(2014.1.20)\Mini_CNC\Debug\link.5748-cvtres.write.1.tlog
C:\Users\哲宇\Desktop\100033202(2014.1.20)\Mini_CNC\Debug\link.5816.read.1.tlog
C:\Users\哲宇\Desktop\100033202(2014.1.20)\Mini_CNC\Debug\link.5816.write.1.tlog
C:\Users\哲宇\Desktop\100033202(2014.1.20)\Mini_CNC\Debug\link.5816-cvtres.read.1.tlog
C:\Users\哲宇\Desktop\100033202(2014.1.20)\Mini_CNC\Debug\link.5816-cvtres.write.1.tlog
C:\Users\哲宇\Desktop\100033202(2014.1.20)\Mini_CNC\Debug\link.5840.read.1.tlog
C:\Users\哲宇\Desktop\100033202(2014.1.20)\Mini_CNC\Debug\link.5840.write.1.tlog
C:\Users\哲宇\Desktop\100033202(2014.1.20)\Mini_CNC\Debug\link.5840-cvtres.read.1.tlog
C:\Users\哲宇\Desktop\100033202(2014.1.20)\Mini_CNC\Debug\link.5840-cvtres.write.1.tlog
C:\Users\哲宇\Desktop\100033202(2014.1.20)\Mini_CNC\Debug\link.5848.read.1.tlog
C:\Users\哲宇\Desktop\100033202(2014.1.20)\Mini_CNC\Debug\link.5848.write.1.tlog
C:\Users\哲宇\Desktop\100033202(2014.1.20)\Mini_CNC\Debug\link.5848-cvtres.read.1.tlog
C:\Users\哲宇\Desktop\100033202(2014.1.20)\Mini_CNC\Debug\link.5848-cvtres.write.1.tlog
C:\Users\哲宇\Desktop\100033202(2014.1.20)\Mini_CNC\Debug\link.5912.read.1.tlog
C:\Users\哲宇\Desktop\100033202(2014.1.20)\Mini_CNC\Debug\link.5912.write.1.tlog
C:\Users\哲宇\Desktop\100033202(2014.1.20)\Mini_CNC\Debug\link.5912-cvtres.read.1.tlog
C:\Users\哲宇\Desktop\100033202(2014.1.20)\Mini_CNC\Debug\link.5912-cvtres.write.1.tlog
C:\Users\哲宇\Desktop\100033202(2014.1.20)\Mini_CNC\Debug\link.5920.read.1.tlog
C:\Users\哲宇\Desktop\100033202(2014.1.20)\Mini_CNC\Debug\link.5920.write.1.tlog
C:\Users\哲宇\Desktop\100033202(2014.1.20)\Mini_CNC\Debug\link.5920-cvtres.read.1.tlog
C:\Users\哲宇\Desktop\100033202(2014.1.20)\Mini_CNC\Debug\link.5920-cvtres.write.1.tlog
C:\Users\哲宇\Desktop\100033202(2014.1.20)\Mini_CNC\Debug\link.5936.read.1.tlog
C:\Users\哲宇\Desktop\100033202(2014.1.20)\Mini_CNC\Debug\link.5936.write.1.tlog
C:\Users\哲宇\Desktop\100033202(2014.1.20)\Mini_CNC\Debug\link.5936-cvtres.read.1.tlog
C:\Users\哲宇\Desktop\100033202(2014.1.20)\Mini_CNC\Debug\link.5936-cvtres.write.1.tlog
C:\Users\哲宇\Desktop\100033202(2014.1.20)\Mini_CNC\Debug\link.6032.read.1.tlog
C:\Users\哲宇\Desktop\100033202(2014.1.20)\Mini_CNC\Debug\link.6032.write.1.tlog
C:\Users\哲宇\Desktop\100033202(2014.1.20)\Mini_CNC\Debug\link.6032-cvtres.read.1.tlog
C:\Users\哲宇\Desktop\100033202(2014.1.20)\Mini_CNC\Debug\link.6032-cvtres.write.1.tlog
C:\Users\哲宇\Desktop\100033202(2014.1.20)\Mini_CNC\Debug\link.6124.read.1.tlog
C:\Users\哲宇\Desktop\100033202(2014.1.20)\Mini_CNC\Debug\link.6124.write.1.tlog
C:\Users\哲宇\Desktop\100033202(2014.1.20)\Mini_CNC\Debug\link.6124-cvtres.read.1.tlog
C:\Users\哲宇\Desktop\100033202(2014.1.20)\Mini_CNC\Debug\link.6124-cvtres.write.1.tlog
C:\Users\哲宇\Desktop\100033202(2014.1.20)\Mini_CNC\Debug\link.6348.read.1.tlog
C:\Users\哲宇\Desktop\100033202(2014.1.20)\Mini_CNC\Debug\link.6348.write.1.tlog
C:\Users\哲宇\Desktop\100033202(2014.1.20)\Mini_CNC\Debug\link.6348-cvtres.read.1.tlog
C:\Users\哲宇\Desktop\100033202(2014.1.20)\Mini_CNC\Debug\link.6348-cvtres.write.1.tlog
C:\Users\哲宇\Desktop\100033202(2014.1.20)\Mini_CNC\Debug\link.640.read.1.tlog
C:\Users\哲宇\Desktop\100033202(2014.1.20)\Mini_CNC\Debug\link.640.write.1.tlog
C:\Users\哲宇\Desktop\100033202(2014.1.20)\Mini_CNC\Debug\link.640-cvtres.read.1.tlog
C:\Users\哲宇\Desktop\100033202(2014.1.20)\Mini_CNC\Debug\link.640-cvtres.write.1.tlog
C:\Users\哲宇\Desktop\100033202(2014.1.20)\Mini_CNC\Debug\link.6436.read.1.tlog
C:\Users\哲宇\Desktop\100033202(2014.1.20)\Mini_CNC\Debug\link.6436.write.1.tlog
C:\Users\哲宇\Desktop\100033202(2014.1.20)\Mini_CNC\Debug\link.6436-cvtres.read.1.tlog
C:\Users\哲宇\Desktop\100033202(2014.1.20)\Mini_CNC\Debug\link.6436-cvtres.write.1.tlog
C:\Users\哲宇\Desktop\100033202(2014.1.20)\Mini_CNC\Debug\link.6468.read.1.tlog
C:\Users\哲宇\Desktop\100033202(2014.1.20)\Mini_CNC\Debug\link.6468.write.1.tlog
C:\Users\哲宇\Desktop\100033202(2014.1.20)\Mini_CNC\Debug\link.6468-cvtres.read.1.tlog
C:\Users\哲宇\Desktop\100033202(2014.1.20)\Mini_CNC\Debug\link.6468-cvtres.write.1.tlog
C:\Users\哲宇\Desktop\100033202(2014.1.20)\Mini_CNC\Debug\link.6508.read.1.tlog
C:\Users\哲宇\Desktop\100033202(2014.1.20)\Mini_CNC\Debug\link.6508.write.1.tlog
C:\Users\哲宇\Desktop\100033202(2014.1.20)\Mini_CNC\Debug\link.6508-cvtres.read.1.tlog
C:\Users\哲宇\Desktop\100033202(2014.1.20)\Mini_CNC\Debug\link.6508-cvtres.write.1.tlog
C:\Users\哲宇\Desktop\100033202(2014.1.20)\Mini_CNC\Debug\link.6540.read.1.tlog
C:\Users\哲宇\Desktop\100033202(2014.1.20)\Mini_CNC\Debug\link.6540.write.1.tlog
C:\Users\哲宇\Desktop\100033202(2014.1.20)\Mini_CNC\Debug\link.6540-cvtres.read.1.tlog
C:\Users\哲宇\Desktop\100033202(2014.1.20)\Mini_CNC\Debug\link.6540-cvtres.write.1.tlog
C:\Users\哲宇\Desktop\100033202(2014.1.20)\Mini_CNC\Debug\link.668.read.1.tlog
C:\Users\哲宇\Desktop\100033202(2014.1.20)\Mini_CNC\Debug\link.668.write.1.tlog
C:\Users\哲宇\Desktop\100033202(2014.1.20)\Mini_CNC\Debug\link.6688.read.1.tlog
C:\Users\哲宇\Desktop\100033202(2014.1.20)\Mini_CNC\Debug\link.6688.write.1.tlog
C:\Users\哲宇\Desktop\100033202(2014.1.20)\Mini_CNC\Debug\link.6688-cvtres.read.1.tlog
C:\Users\哲宇\Desktop\100033202(2014.1.20)\Mini_CNC\Debug\link.6688-cvtres.write.1.tlog
C:\Users\哲宇\Desktop\100033202(2014.1.20)\Mini_CNC\Debug\link.668-cvtres.read.1.tlog
C:\Users\哲宇\Desktop\100033202(2014.1.20)\Mini_CNC\Debug\link.668-cvtres.write.1.tlog
C:\Users\哲宇\Desktop\100033202(2014.1.20)\Mini_CNC\Debug\link.6700.read.1.tlog
C:\Users\哲宇\Desktop\100033202(2014.1.20)\Mini_CNC\Debug\link.6700.write.1.tlog
C:\Users\哲宇\Desktop\100033202(2014.1.20)\Mini_CNC\Debug\link.6700-cvtres.read.1.tlog
C:\Users\哲宇\Desktop\100033202(2014.1.20)\Mini_CNC\Debug\link.6700-cvtres.write.1.tlog
C:\Users\哲宇\Desktop\100033202(2014.1.20)\Mini_CNC\Debug\link.6712.read.1.tlog
C:\Users\哲宇\Desktop\100033202(2014.1.20)\Mini_CNC\Debug\link.6712.write.1.tlog
C:\Users\哲宇\Desktop\100033202(2014.1.20)\Mini_CNC\Debug\link.6712-cvtres.read.1.tlog
C:\Users\哲宇\Desktop\100033202(2014.1.20)\Mini_CNC\Debug\link.6712-cvtres.write.1.tlog
C:\Users\哲宇\Desktop\100033202(2014.1.20)\Mini_CNC\Debug\link.6800.read.1.tlog
C:\Users\哲宇\Desktop\100033202(2014.1.20)\Mini_CNC\Debug\link.6800.write.1.tlog
C:\Users\哲宇\Desktop\100033202(2014.1.20)\Mini_CNC\Debug\link.6800-cvtres.read.1.tlog
C:\Users\哲宇\Desktop\100033202(2014.1.20)\Mini_CNC\Debug\link.6800-cvtres.write.1.tlog
C:\Users\哲宇\Desktop\100033202(2014.1.20)\Mini_CNC\Debug\link.6872.read.1.tlog
C:\Users\哲宇\Desktop\100033202(2014.1.20)\Mini_CNC\Debug\link.6872.write.1.tlog
C:\Users\哲宇\Desktop\100033202(2014.1.20)\Mini_CNC\Debug\link.6872-cvtres.read.1.tlog
C:\Users\哲宇\Desktop\100033202(2014.1.20)\Mini_CNC\Debug\link.6872-cvtres.write.1.tlog
C:\Users\哲宇\Desktop\100033202(2014.1.20)\Mini_CNC\Debug\link.6880.read.1.tlog
C:\Users\哲宇\Desktop\100033202(2014.1.20)\Mini_CNC\Debug\link.6880.write.1.tlog
C:\Users\哲宇\Desktop\100033202(2014.1.20)\Mini_CNC\Debug\link.6880-cvtres.read.1.tlog
C:\Users\哲宇\Desktop\100033202(2014.1.20)\Mini_CNC\Debug\link.6880-cvtres.write.1.tlog
C:\Users\哲宇\Desktop\100033202(2014.1.20)\Mini_CNC\Debug\link.6900.read.1.tlog
C:\Users\哲宇\Desktop\100033202(2014.1.20)\Mini_CNC\Debug\link.6900.write.1.tlog
C:\Users\哲宇\Desktop\100033202(2014.1.20)\Mini_CNC\Debug\link.6900-cvtres.read.1.tlog
C:\Users\哲宇\Desktop\100033202(2014.1.20)\Mini_CNC\Debug\link.6900-cvtres.write.1.tlog
C:\Users\哲宇\Desktop\100033202(2014.1.20)\Mini_CNC\Debug\link.6924.read.1.tlog
C:\Users\哲宇\Desktop\100033202(2014.1.20)\Mini_CNC\Debug\link.6924.write.1.tlog
C:\Users\哲宇\Desktop\100033202(2014.1.20)\Mini_CNC\Debug\link.6924-cvtres.read.1.tlog
C:\Users\哲宇\Desktop\100033202(2014.1.20)\Mini_CNC\Debug\link.6924-cvtres.write.1.tlog
C:\Users\哲宇\Desktop\100033202(2014.1.20)\Mini_CNC\Debug\link.7356.read.1.tlog
C:\Users\哲宇\Desktop\100033202(2014.1.20)\Mini_CNC\Debug\link.7356.write.1.tlog
C:\Users\哲宇\Desktop\100033202(2014.1.20)\Mini_CNC\Debug\link.7356-cvtres.read.1.tlog
C:\Users\哲宇\Desktop\100033202(2014.1.20)\Mini_CNC\Debug\link.7356-cvtres.write.1.tlog
C:\Users\哲宇\Desktop\100033202(2014.1.20)\Mini_CNC\Debug\link.7384.read.1.tlog
C:\Users\哲宇\Desktop\100033202(2014.1.20)\Mini_CNC\Debug\link.7384.write.1.tlog
C:\Users\哲宇\Desktop\100033202(2014.1.20)\Mini_CNC\Debug\link.7384-cvtres.read.1.tlog
C:\Users\哲宇\Desktop\100033202(2014.1.20)\Mini_CNC\Debug\link.7384-cvtres.write.1.tlog
C:\Users\哲宇\Desktop\100033202(2014.1.20)\Mini_CNC\Debug\link.7388.read.1.tlog
C:\Users\哲宇\Desktop\100033202(2014.1.20)\Mini_CNC\Debug\link.7388.write.1.tlog
C:\Users\哲宇\Desktop\100033202(2014.1.20)\Mini_CNC\Debug\link.7388-cvtres.read.1.tlog
C:\Users\哲宇\Desktop\100033202(2014.1.20)\Mini_CNC\Debug\link.7388-cvtres.write.1.tlog
C:\Users\哲宇\Desktop\100033202(2014.1.20)\Mini_CNC\Debug\link.7396.read.1.tlog
C:\Users\哲宇\Desktop\100033202(2014.1.20)\Mini_CNC\Debug\link.7396.write.1.tlog
C:\Users\哲宇\Desktop\100033202(2014.1.20)\Mini_CNC\Debug\link.7396-cvtres.read.1.tlog
C:\Users\哲宇\Desktop\100033202(2014.1.20)\Mini_CNC\Debug\link.7396-cvtres.write.1.tlog
C:\Users\哲宇\Desktop\100033202(2014.1.20)\Mini_CNC\Debug\link.7824.read.1.tlog
C:\Users\哲宇\Desktop\100033202(2014.1.20)\Mini_CNC\Debug\link.7824.write.1.tlog
C:\Users\哲宇\Desktop\100033202(2014.1.20)\Mini_CNC\Debug\link.7824-cvtres.read.1.tlog
C:\Users\哲宇\Desktop\100033202(2014.1.20)\Mini_CNC\Debug\link.7824-cvtres.write.1.tlog
C:\Users\哲宇\Desktop\100033202(2014.1.20)\Mini_CNC\Debug\link.7848.read.1.tlog
C:\Users\哲宇\Desktop\100033202(2014.1.20)\Mini_CNC\Debug\link.7848.write.1.tlog
C:\Users\哲宇\Desktop\100033202(2014.1.20)\Mini_CNC\Debug\link.7848-cvtres.read.1.tlog
C:\Users\哲宇\Desktop\100033202(2014.1.20)\Mini_CNC\Debug\link.7848-cvtres.write.1.tlog
C:\Users\哲宇\Desktop\100033202(2014.1.20)\Mini_CNC\Debug\link.7908.read.1.tlog
C:\Users\哲宇\Desktop\100033202(2014.1.20)\Mini_CNC\Debug\link.7908.write.1.tlog
C:\Users\哲宇\Desktop\100033202(2014.1.20)\Mini_CNC\Debug\link.7908-cvtres.read.1.tlog
C:\Users\哲宇\Desktop\100033202(2014.1.20)\Mini_CNC\Debug\link.7908-cvtres.write.1.tlog
C:\Users\哲宇\Desktop\100033202(2014.1.20)\Mini_CNC\Debug\link.7916.read.1.tlog
C:\Users\哲宇\Desktop\100033202(2014.1.20)\Mini_CNC\Debug\link.7916.write.1.tlog
C:\Users\哲宇\Desktop\100033202(2014.1.20)\Mini_CNC\Debug\link.7916-cvtres.read.1.tlog
C:\Users\哲宇\Desktop\100033202(2014.1.20)\Mini_CNC\Debug\link.7916-cvtres.write.1.tlog
C:\Users\哲宇\Desktop\100033202(2014.1.20)\Mini_CNC\Debug\link.7972.read.1.tlog
C:\Users\哲宇\Desktop\100033202(2014.1.20)\Mini_CNC\Debug\link.7972.write.1.tlog
C:\Users\哲宇\Desktop\100033202(2014.1.20)\Mini_CNC\Debug\link.7972-cvtres.read.1.tlog
C:\Users\哲宇\Desktop\100033202(2014.1.20)\Mini_CNC\Debug\link.7972-cvtres.write.1.tlog
C:\Users\哲宇\Desktop\100033202(2014.1.20)\Mini_CNC\Debug\link.8352.read.1.tlog
C:\Users\哲宇\Desktop\100033202(2014.1.20)\Mini_CNC\Debug\link.8352.write.1.tlog
C:\Users\哲宇\Desktop\100033202(2014.1.20)\Mini_CNC\Debug\link.8352-cvtres.read.1.tlog
C:\Users\哲宇\Desktop\100033202(2014.1.20)\Mini_CNC\Debug\link.8352-cvtres.write.1.tlog
C:\Users\哲宇\Desktop\100033202(2014.1.20)\Mini_CNC\Debug\link.8356.read.1.tlog
C:\Users\哲宇\Desktop\100033202(2014.1.20)\Mini_CNC\Debug\link.8356.write.1.tlog
C:\Users\哲宇\Desktop\100033202(2014.1.20)\Mini_CNC\Debug\link.8356-cvtres.read.1.tlog
C:\Users\哲宇\Desktop\100033202(2014.1.20)\Mini_CNC\Debug\link.8356-cvtres.write.1.tlog
C:\Users\哲宇\Desktop\100033202(2014.1.20)\Mini_CNC\Debug\link.8368.read.1.tlog
C:\Users\哲宇\Desktop\100033202(2014.1.20)\Mini_CNC\Debug\link.8368.write.1.tlog
C:\Users\哲宇\Desktop\100033202(2014.1.20)\Mini_CNC\Debug\link.8368-cvtres.read.1.tlog
C:\Users\哲宇\Desktop\100033202(2014.1.20)\Mini_CNC\Debug\link.8368-cvtres.write.1.tlog
C:\Users\哲宇\Desktop\100033202(2014.1.20)\Mini_CNC\Debug\link.8476.read.1.tlog
C:\Users\哲宇\Desktop\100033202(2014.1.20)\Mini_CNC\Debug\link.8476.write.1.tlog
C:\Users\哲宇\Desktop\100033202(2014.1.20)\Mini_CNC\Debug\link.8476-cvtres.read.1.tlog
C:\Users\哲宇\Desktop\100033202(2014.1.20)\Mini_CNC\Debug\link.8476-cvtres.write.1.tlog
C:\Users\哲宇\Desktop\100033202(2014.1.20)\Mini_CNC\Debug\link.8652.read.1.tlog
C:\Users\哲宇\Desktop\100033202(2014.1.20)\Mini_CNC\Debug\link.8652.write.1.tlog
C:\Users\哲宇\Desktop\100033202(2014.1.20)\Mini_CNC\Debug\link.8652-cvtres.read.1.tlog
C:\Users\哲宇\Desktop\100033202(2014.1.20)\Mini_CNC\Debug\link.8652-cvtres.write.1.tlog
C:\Users\哲宇\Desktop\100033202(2014.1.20)\Mini_CNC\Debug\link.8812.read.1.tlog
C:\Users\哲宇\Desktop\100033202(2014.1.20)\Mini_CNC\Debug\link.8812.write.1.tlog
C:\Users\哲宇\Desktop\100033202(2014.1.20)\Mini_CNC\Debug\link.8812-cvtres.read.1.tlog
C:\Users\哲宇\Desktop\100033202(2014.1.20)\Mini_CNC\Debug\link.8812-cvtres.write.1.tlog
C:\Users\哲宇\Desktop\100033202(2014.1.20)\Mini_CNC\Debug\link.8836.read.1.tlog
C:\Users\哲宇\Desktop\100033202(2014.1.20)\Mini_CNC\Debug\link.8836.write.1.tlog
C:\Users\哲宇\Desktop\100033202(2014.1.20)\Mini_CNC\Debug\link.8836-cvtres.read.1.tlog
C:\Users\哲宇\Desktop\100033202(2014.1.20)\Mini_CNC\Debug\link.8836-cvtres.write.1.tlog
C:\Users\哲宇\Desktop\100033202(2014.1.20)\Mini_CNC\Debug\link.8904.read.1.tlog
C:\Users\哲宇\Desktop\100033202(2014.1.20)\Mini_CNC\Debug\link.8904.write.1.tlog
C:\Users\哲宇\Desktop\100033202(2014.1.20)\Mini_CNC\Debug\link.8904-cvtres.read.1.tlog
C:\Users\哲宇\Desktop\100033202(2014.1.20)\Mini_CNC\Debug\link.8904-cvtres.write.1.tlog
C:\Users\哲宇\Desktop\100033202(2014.1.20)\Mini_CNC\Debug\link.8948.read.1.tlog
C:\Users\哲宇\Desktop\100033202(2014.1.20)\Mini_CNC\Debug\link.8948.write.1.tlog
C:\Users\哲宇\Desktop\100033202(2014.1.20)\Mini_CNC\Debug\link.8948-cvtres.read.1.tlog
C:\Users\哲宇\Desktop\100033202(2014.1.20)\Mini_CNC\Debug\link.8948-cvtres.write.1.tlog
C:\Users\哲宇\Desktop\100033202(2014.1.20)\Mini_CNC\Debug\link.8976.read.1.tlog
C:\Users\哲宇\Desktop\100033202(2014.1.20)\Mini_CNC\Debug\link.8976.write.1.tlog
C:\Users\哲宇\Desktop\100033202(2014.1.20)\Mini_CNC\Debug\link.8976-cvtres.read.1.tlog
C:\Users\哲宇\Desktop\100033202(2014.1.20)\Mini_CNC\Debug\link.8976-cvtres.write.1.tlog
C:\Users\哲宇\Desktop\100033202(2014.1.20)\Mini_CNC\Debug\link.9016.read.1.tlog
C:\Users\哲宇\Desktop\100033202(2014.1.20)\Mini_CNC\Debug\link.9016.write.1.tlog
C:\Users\哲宇\Desktop\100033202(2014.1.20)\Mini_CNC\Debug\link.9016-cvtres.read.1.tlog
C:\Users\哲宇\Desktop\100033202(2014.1.20)\Mini_CNC\Debug\link.9016-cvtres.write.1.tlog
C:\Users\哲宇\Desktop\100033202(2014.1.20)\Mini_CNC\Debug\link.9044.read.1.tlog
C:\Users\哲宇\Desktop\100033202(2014.1.20)\Mini_CNC\Debug\link.9044.write.1.tlog
C:\Users\哲宇\Desktop\100033202(2014.1.20)\Mini_CNC\Debug\link.9044-cvtres.read.1.tlog
C:\Users\哲宇\Desktop\100033202(2014.1.20)\Mini_CNC\Debug\link.9044-cvtres.write.1.tlog
C:\Users\哲宇\Desktop\100033202(2014.1.20)\Mini_CNC\Debug\link.9128.read.1.tlog
C:\Users\哲宇\Desktop\100033202(2014.1.20)\Mini_CNC\Debug\link.9128.write.1.tlog
C:\Users\哲宇\Desktop\100033202(2014.1.20)\Mini_CNC\Debug\link.9128-cvtres.read.1.tlog
C:\Users\哲宇\Desktop\100033202(2014.1.20)\Mini_CNC\Debug\link.9128-cvtres.write.1.tlog
C:\Users\哲宇\Desktop\100033202(2014.1.20)\Mini_CNC\Debug\link.920.read.1.tlog
C:\Users\哲宇\Desktop\100033202(2014.1.20)\Mini_CNC\Debug\link.920.write.1.tlog
C:\Users\哲宇\Desktop\100033202(2014.1.20)\Mini_CNC\Debug\link.920-cvtres.read.1.tlog
C:\Users\哲宇\Desktop\100033202(2014.1.20)\Mini_CNC\Debug\link.920-cvtres.write.1.tlog
C:\Users\哲宇\Desktop\100033202(2014.1.20)\Mini_CNC\Debug\link.928.read.1.tlog
C:\Users\哲宇\Desktop\100033202(2014.1.20)\Mini_CNC\Debug\link.928.write.1.tlog
C:\Users\哲宇\Desktop\100033202(2014.1.20)\Mini_CNC\Debug\link.928-cvtres.read.1.tlog
C:\Users\哲宇\Desktop\100033202(2014.1.20)\Mini_CNC\Debug\link.928-cvtres.write.1.tlog
C:\Users\哲宇\Desktop\100033202(2014.1.20)\Mini_CNC\Debug\link.command.1.tlog
C:\Users\哲宇\Desktop\100033202(2014.1.20)\Mini_CNC\Debug\link.read.1.tlog
C:\Users\哲宇\Desktop\100033202(2014.1.20)\Mini_CNC\Debug\link.write.1.tlog
C:\USERS\哲宇\DESKTOP\100033202(2014.1.20)\MINI_CNC\DEBUG\LINKCTL.OBJ
C:\USERS\哲宇\DESKTOP\100033202(2014.1.20)\MINI_CNC\DEBUG\MINI_CNC.EXE.INTERMEDIATE.MANIFEST
C:\Users\哲宇\Desktop\100033202(2014.1.20)\Mini_CNC\Debug\Mini_CNC.Form1.resources
C:\USERS\哲宇\DESKTOP\100033202(2014.1.20)\MINI_CNC\DEBUG\MINI_CNC.OBJ
C:\USERS\哲宇\DESKTOP\100033202(2014.1.20)\MINI_CNC\DEBUG\MINI_CNC.PCH
C:\Users\哲宇\Desktop\100033202(2014.1.20)\Mini_CNC\Debug\Mini_CNC.vcxproj.GenerateResource.Cache
C:\Users\哲宇\Desktop\100033202(2014.1.20)\Mini_CNC\Debug\Mini_CNC.vcxprojResolveAssemblyReference.cache
C:\Users\哲宇\Desktop\100033202(2014.1.20)\Mini_CNC\Debug\Mini_CNC.write.1.tlog
C:\USERS\哲宇\DESKTOP\100033202(2014.1.20)\MINI_CNC\DEBUG\MMICTL.OBJ
C:\USERS\哲宇\DESKTOP\100033202(2014.1.20)\MINI_CNC\DEBUG\MMIMAIN.OBJ
C:\Users\哲宇\Desktop\100033202(2014.1.20)\Mini_CNC\Debug\mt.command.1.tlog
C:\Users\哲宇\Desktop\100033202(2014.1.20)\Mini_CNC\Debug\mt.read.1.tlog
C:\Users\哲宇\Desktop\100033202(2014.1.20)\Mini_CNC\Debug\mt.write.1.tlog
C:\Users\哲宇\Desktop\100033202(2014.1.20)\Mini_CNC\Debug\rc.command.1.tlog
C:\Users\哲宇\Desktop\100033202(2014.1.20)\Mini_CNC\Debug\rc.read.1.tlog
C:\Users\哲宇\Desktop\100033202(2014.1.20)\Mini_CNC\Debug\rc.write.1.tlog
C:\USERS\哲宇\DESKTOP\100033202(2014.1.20)\MINI_CNC\DEBUG\SLOPE.OBJ
C:\USERS\哲宇\DESKTOP\100033202(2014.1.20)\MINI_CNC\DEBUG\STDAFX.OBJ
C:\USERS\哲宇\DESKTOP\100033202(2014.1.20)\MINI_CNC\DEBUG\SYSCTL.OBJ
C:\USERS\哲宇\DESKTOP\100033202(2014.1.20)\MINI_CNC\DEBUG\SYSMAIN.OBJ
C:\USERS\哲宇\DESKTOP\100033202(2014.1.20)\MINI_CNC\DEBUG\VC100.PDB
C:\USERS\哲宇\DESKTOP\100033202(LATEST VERSION)\DEBUG\MINI_CNC.EXE
C:\USERS\哲宇\DESKTOP\100033202(LATEST VERSION)\DEBUG\MINI_CNC.ILK
C:\USERS\哲宇\DESKTOP\100033202(LATEST VERSION)\DEBUG\MINI_CNC.PDB
C:\USERS\哲宇\DESKTOP\100033202(LATEST VERSION)\MINI_CNC\DEBUG\.NETFRAMEWORK,VERSION=V4.0.ASSEMBLYATTRIBUTES.OBJ
C:\USERS\哲宇\DESKTOP\100033202(LATEST VERSION)\MINI_CNC\DEBUG\APP.RES
C:\USERS\哲宇\DESKTOP\100033202(LATEST VERSION)\MINI_CNC\DEBUG\ASSEMBLYINFO.OBJ
C:\USERS\哲宇\DESKTOP\100033202(LATEST VERSION)\MINI_CNC\DEBUG\CNCMAIN.OBJ
C:\USERS\哲宇\DESKTOP\100033202(LATEST VERSION)\MINI_CNC\DEBUG\DECCTL.OBJ
C:\USERS\哲宇\DESKTOP\100033202(LATEST VERSION)\MINI_CNC\DEBUG\DECMAIN.OBJ
C:\USERS\哲宇\DESKTOP\100033202(LATEST VERSION)\MINI_CNC\DEBUG\INTPCTL.OBJ
C:\USERS\哲宇\DESKTOP\100033202(LATEST VERSION)\MINI_CNC\DEBUG\INTPMAIN.OBJ
C:\USERS\哲宇\DESKTOP\100033202(LATEST VERSION)\MINI_CNC\DEBUG\LINKCTL.OBJ
C:\USERS\哲宇\DESKTOP\100033202(LATEST VERSION)\MINI_CNC\DEBUG\MINI_CNC.EXE.INTERMEDIATE.MANIFEST
C:\USERS\哲宇\DESKTOP\100033202(LATEST VERSION)\MINI_CNC\DEBUG\MINI_CNC.OBJ
C:\USERS\哲宇\DESKTOP\100033202(LATEST VERSION)\MINI_CNC\DEBUG\MINI_CNC.PCH
C:\USERS\哲宇\DESKTOP\100033202(LATEST VERSION)\MINI_CNC\DEBUG\MMICTL.OBJ
C:\USERS\哲宇\DESKTOP\100033202(LATEST VERSION)\MINI_CNC\DEBUG\MMIMAIN.OBJ
C:\USERS\哲宇\DESKTOP\100033202(LATEST VERSION)\MINI_CNC\DEBUG\SLOPE.OBJ
C:\USERS\哲宇\DESKTOP\100033202(LATEST VERSION)\MINI_CNC\DEBUG\STDAFX.OBJ
C:\USERS\哲宇\DESKTOP\100033202(LATEST VERSION)\MINI_CNC\DEBUG\SYSCTL.OBJ
C:\USERS\哲宇\DESKTOP\100033202(LATEST VERSION)\MINI_CNC\DEBUG\SYSMAIN.OBJ
C:\USERS\哲宇\DESKTOP\100033202(LATEST VERSION)\MINI_CNC\DEBUG\VC100.PDB
