已經開始建置於 2014/1/27 上午 12:28:04。
     1>節點 2 (build 目標) 上的專案 "C:\Users\哲宇\Desktop\2014.1.26\100033202(2014.1.26)_Teach\Mini_CNC\Mini_CNC.vcxproj"。
     1>InitializeBuildStatus:
         由於指定了 "AlwaysCreate"，因此正在建立 "Debug\Mini_CNC.unsuccessfulbuild"。
       GenerateTargetFrameworkMonikerAttribute:
       將略過目標 "GenerateTargetFrameworkMonikerAttribute"，因為所有輸出檔對於其輸入檔而言都已更新。
       ClCompile:
         所有輸出都是最新的。
         C:\Program Files (x86)\Microsoft Visual Studio 10.0\VC\bin\CL.exe /c /AI"C:\Program Files (x86)\Reference Assemblies\Microsoft\Framework\.NETFramework\v4.0" /Zi /clr /nologo /W3 /WX- /Od /Oy- /D WIN32 /D _DEBUG /D _UNICODE /D UNICODE /EHa /MDd /GS /fp:precise /Zc:wchar_t /Zc:forScope /Yu"StdAfx.h" /Fp"Debug\Mini_CNC.pch" /Fo"Debug\\" /Fd"Debug\vc100.pdb" /TP /FU"C:\Program Files (x86)\Reference Assemblies\Microsoft\Framework\.NETFramework\v4.0\System.Core.dll" /FU"C:\Program Files (x86)\Reference Assemblies\Microsoft\Framework\.NETFramework\v4.0\System.Data.dll" /FU"C:\Program Files (x86)\Reference Assemblies\Microsoft\Framework\.NETFramework\v4.0\System.dll" /FU"C:\Program Files (x86)\Reference Assemblies\Microsoft\Framework\.NETFramework\v4.0\System.Drawing.dll" /FU"C:\Program Files (x86)\Reference Assemblies\Microsoft\Framework\.NETFramework\v4.0\System.Windows.Forms.dll" /FU"C:\Program Files (x86)\Reference Assemblies\Microsoft\Framework\.NETFramework\v4.0\System.Xml.dll" /analyze- /errorReport:prompt Mini_CNC.cpp /clr:nostdlib 
         Mini_CNC.cpp
     1>c:\users\哲宇\desktop\2014.1.26\100033202(2014.1.26)_teach\mini_cnc\Form1.h(2045): warning C4996: 'strcpy': This function or variable may be unsafe. Consider using strcpy_s instead. To disable deprecation, use _CRT_SECURE_NO_WARNINGS. See online help for details.
                 C:\Program Files (x86)\Microsoft Visual Studio 10.0\VC\include\string.h(105) : 請參閱 'strcpy' 的宣告
     1>c:\users\哲宇\desktop\2014.1.26\100033202(2014.1.26)_teach\mini_cnc\Form1.h(2072): warning C4996: 'strcpy': This function or variable may be unsafe. Consider using strcpy_s instead. To disable deprecation, use _CRT_SECURE_NO_WARNINGS. See online help for details.
                 C:\Program Files (x86)\Microsoft Visual Studio 10.0\VC\include\string.h(105) : 請參閱 'strcpy' 的宣告
         所有輸出都是最新的。
       CoreResGen:
         相對於資源的來源檔案，並沒有資源過期。將略過產生資源。
       ResourceCompile:
         所有輸出都是最新的。
       Link:
         C:\Program Files (x86)\Microsoft Visual Studio 10.0\VC\bin\link.exe /ERRORREPORT:PROMPT /OUT:"C:\Users\哲宇\Desktop\2014.1.26\100033202(2014.1.26)_Teach\Debug\Mini_CNC.exe" /INCREMENTAL /NOLOGO DRV\LIB\driverCreate_2012.lib DRV\LIB\MEPCIOPCIDrv.lib kernel32.lib user32.lib gdi32.lib winspool.lib comdlg32.lib advapi32.lib shell32.lib ole32.lib oleaut32.lib uuid.lib odbc32.lib odbccp32.lib /ASSEMBLYRESOURCE:Debug\Mini_CNC.Form1.resources /MANIFEST /ManifestFile:"Debug\Mini_CNC.exe.intermediate.manifest" /MANIFESTUAC:"level='asInvoker' uiAccess='false'" /DEBUG /PDB:"C:\Users\哲宇\Desktop\2014.1.26\100033202(2014.1.26)_Teach\Debug\Mini_CNC.pdb" /ASSEMBLYDEBUG /SUBSYSTEM:WINDOWS /TLBID:1 /ENTRY:"main" /DYNAMICBASE /FIXED:NO /NXCOMPAT /MACHINE:X86 Debug\app.res
         Debug\AssemblyInfo.obj
         Debug\slope.obj
         Debug\Mini_CNC.obj
         Debug\stdafx.obj
         Debug\decCtl.obj
         Debug\decMain.obj
         Debug\intpCtl.obj
         Debug\intpMain.obj
         Debug\mmiCtl.obj
         Debug\mmiMain.obj
         Debug\sysCtl.obj
         Debug\sysMain.obj
         Debug\linkCtl.obj
         Debug\cncMain.obj
         Debug\TEACH.obj
         "Debug\.NETFramework,Version=v4.0.AssemblyAttributes.obj"
         Mini_CNC.vcxproj -> C:\Users\哲宇\Desktop\2014.1.26\100033202(2014.1.26)_Teach\Debug\Mini_CNC.exe
       Manifest:
         C:\Program Files (x86)\Microsoft SDKs\Windows\v7.0A\bin\mt.exe /nologo /verbose /outputresource:"C:\Users\哲宇\Desktop\2014.1.26\100033202(2014.1.26)_Teach\Debug\Mini_CNC.exe;#1" /manifest Debug\Mini_CNC.exe.intermediate.manifest
       FinalizeBuildStatus:
         正在刪除檔案 "Debug\Mini_CNC.unsuccessfulbuild"。
         正在變更時間戳記 "Debug\Mini_CNC.lastbuildstate"。
     1>專案 "C:\Users\哲宇\Desktop\2014.1.26\100033202(2014.1.26)_Teach\Mini_CNC\Mini_CNC.vcxproj" (build 目標) 建置完成。

建置成功。

經過時間 00:00:01.52
